<?xml version="1.0" encoding="UTF-8"?>
<!-- Generated by org.testng.reporters.JUnitReportReporter -->
<testsuite hostname="QSP" failures="0" tests="1" name="GithubCURDOperation.Test0" time="5.218" errors="0" timestamp="2022-03-24T19:19:30 IST" skipped="0">
  <testcase classname="GithubCURDOperation.Test0" name="tc1" time="5.218"/>
</testsuite> <!-- GithubCURDOperation.Test0 -->
