<?xml version="1.0" encoding="UTF-8"?>
<!-- Generated by org.testng.reporters.JUnitReportReporter -->
<testsuite hostname="QSP" failures="0" tests="1" name="parameterization.Test2" time="6.091" errors="0" timestamp="2022-03-24T20:53:40 IST" skipped="0">
  <testcase classname="parameterization.Test2" name="tc2" time="6.091"/>
</testsuite> <!-- parameterization.Test2 -->
