<?xml version="1.0" encoding="UTF-8"?>
<!-- Generated by org.testng.reporters.JUnitReportReporter -->
<testsuite hostname="QSP" failures="0" tests="1" name="parameterization.Test1" time="6.197" errors="0" timestamp="2022-03-24T20:46:46 IST" skipped="0">
  <testcase classname="parameterization.Test1" name="tc2" time="6.197"/>
</testsuite> <!-- parameterization.Test1 -->
