<?xml version="1.0" encoding="UTF-8"?>
<!-- Generated by org.testng.reporters.JUnitReportReporter -->
<testsuite hostname="QSP" failures="0" tests="1" name="scripts.Test0" time="5.073" errors="0" timestamp="2022-03-23T20:18:59 IST" skipped="0">
  <testcase classname="scripts.Test0" name="tc1" time="5.073"/>
</testsuite> <!-- scripts.Test0 -->
