<?xml version="1.0" encoding="UTF-8"?>
<!-- Generated by org.testng.reporters.JUnitReportReporter -->
<testsuite hostname="QSP" failures="0" tests="1" name="CURDoperations.Test0" time="6.744" errors="0" timestamp="2022-03-23T20:39:55 IST" skipped="0">
  <testcase classname="CURDoperations.Test0" name="getOperation" time="6.744"/>
</testsuite> <!-- CURDoperations.Test0 -->
