<?xml version="1.0" encoding="UTF-8"?>
<!-- Generated by org.testng.reporters.JUnitReportReporter -->
<testsuite hostname="QSP" failures="0" tests="1" name="CURDoperations.Test1" time="5.363" errors="0" timestamp="2022-03-23T20:46:09 IST" skipped="0">
  <testcase classname="CURDoperations.Test1" name="tc2" time="5.363"/>
</testsuite> <!-- CURDoperations.Test1 -->
