<?xml version="1.0" encoding="UTF-8"?>
<!-- Generated by org.testng.reporters.JUnitReportReporter -->
<testsuite hostname="QSP" failures="0" tests="1" name="GithubCURDOperation.Test1" time="8.267" errors="0" timestamp="2022-03-24T19:32:01 IST" skipped="0">
  <testcase classname="GithubCURDOperation.Test1" name="tc2" time="8.267"/>
</testsuite> <!-- GithubCURDOperation.Test1 -->
