<?xml version="1.0" encoding="UTF-8"?>
<!-- Generated by org.testng.reporters.JUnitReportReporter -->
<testsuite hostname="QSP" failures="0" tests="1" name="GithubCURDOperation.Test2" time="5.941" errors="0" timestamp="2022-03-24T19:38:26 IST" skipped="0">
  <testcase classname="GithubCURDOperation.Test2" name="tc3" time="5.941"/>
</testsuite> <!-- GithubCURDOperation.Test2 -->
