<?xml version="1.0" encoding="UTF-8"?>
<!-- Generated by org.testng.reporters.JUnitReportReporter -->
<testsuite hostname="QSP" failures="0" tests="1" name="GithubCURDOperation.Test3" time="5.130" errors="0" timestamp="2022-03-24T19:41:56 IST" skipped="0">
  <testcase classname="GithubCURDOperation.Test3" name="tc4" time="5.130"/>
</testsuite> <!-- GithubCURDOperation.Test3 -->
